14:33:14.087 [CLIENT unknown] Please enter your client ID and click Connect
14:33:19.679 [CLIENT user03] Connecting to ws://localhost:8080/ws as user03
14:33:19.684 [CLIENT user03] WebSocket connection opened
14:33:19.684 [CLIENT user03] Sent register message: client_id=user03
14:33:19.692 [CLIENT user03] Received message: {"message_type":"state"}
14:33:19.692 [CLIENT user03] Error parsing message: Cannot read properties of undefined (reading 'length')
14:33:26.665 [CLIENT user03] Received message: {"message_type":"state","tickets":[{"ticket_id":1,"assigned_to":""}]}
14:33:26.665 [CLIENT user03] State update received: 1 tickets
14:33:26.665 [CLIENT user03] Ticket 1: (unassigned)
14:33:39.922 [CLIENT user03] Received message: {"message_type":"state","tickets":[{"ticket_id":1,"assigned_to":"user01"}]}
14:33:39.922 [CLIENT user03] State update received: 1 tickets
14:33:39.922 [CLIENT user03] Ticket 1: user01
14:33:49.937 [CLIENT user03] Received message: {"message_type":"state","tickets":[{"ticket_id":1,"assigned_to":"user01"},{"ticket_id":2,"assigned_to":""}]}
14:33:49.937 [CLIENT user03] State update received: 2 tickets
14:33:49.937 [CLIENT user03] Ticket 1: user01
14:33:49.937 [CLIENT user03] Ticket 2: (unassigned)
14:33:55.648 [CLIENT user03] Received message: {"message_type":"state","tickets":[{"ticket_id":1,"assigned_to":"user01"},{"ticket_id":2,"assigned_to":"user02"}]}
14:33:55.648 [CLIENT user03] State update received: 2 tickets
14:33:55.648 [CLIENT user03] Ticket 1: user01
14:33:55.648 [CLIENT user03] Ticket 2: user02
14:33:58.535 [CLIENT user03] Received message: {"message_type":"state","tickets":[{"ticket_id":1,"assigned_to":"user01"},{"ticket_id":2,"assigned_to":"user02"},{"ticket_id":3,"assigned_to":""}]}
14:33:58.535 [CLIENT user03] State update received: 3 tickets
14:33:58.535 [CLIENT user03] Ticket 1: user01
14:33:58.535 [CLIENT user03] Ticket 2: user02
14:33:58.535 [CLIENT user03] Ticket 3: (unassigned)
14:34:03.768 [CLIENT user03] Sent assign_ticket message: client_id=user03, ticket_id=3
14:34:03.776 [CLIENT user03] Received message: {"message_type":"state","tickets":[{"ticket_id":1,"assigned_to":"user01"},{"ticket_id":2,"assigned_to":"user02"},{"ticket_id":3,"assigned_to":"user03"}]}
14:34:03.776 [CLIENT user03] State update received: 3 tickets
14:34:03.776 [CLIENT user03] Ticket 1: user01
14:34:03.776 [CLIENT user03] Ticket 2: user02
14:34:03.776 [CLIENT user03] Ticket 3: user03
14:34:06.548 [CLIENT user03] Received message: {"message_type":"state","tickets":[{"ticket_id":1,"assigned_to":"user01"},{"ticket_id":2,"assigned_to":"user02"},{"ticket_id":3,"assigned_to":"user03"},{"ticket_id":4,"assigned_to":""}]}
14:34:06.548 [CLIENT user03] State update received: 4 tickets
14:34:06.549 [CLIENT user03] Ticket 1: user01
14:34:06.549 [CLIENT user03] Ticket 2: user02
14:34:06.549 [CLIENT user03] Ticket 3: user03
14:34:06.549 [CLIENT user03] Ticket 4: (unassigned)
14:34:14.999 [CLIENT user03] Received message: {"message_type":"state","tickets":[{"ticket_id":1,"assigned_to":"user01"},{"ticket_id":2,"assigned_to":"user02"},{"ticket_id":3,"assigned_to":"user03"},{"ticket_id":4,"assigned_to":"user02"}]}
14:34:14.999 [CLIENT user03] State update received: 4 tickets
14:34:14.999 [CLIENT user03] Ticket 1: user01
14:34:14.999 [CLIENT user03] Ticket 2: user02
14:34:14.999 [CLIENT user03] Ticket 3: user03
14:34:14.999 [CLIENT user03] Ticket 4: user02
14:34:18.288 [CLIENT user03] Received message: {"message_type":"state","tickets":[{"ticket_id":1,"assigned_to":"user01"},{"ticket_id":2,"assigned_to":"user02"},{"ticket_id":3,"assigned_to":"user03"},{"ticket_id":4,"assigned_to":"user02"},{"ticket_id":5,"assigned_to":""}]}
14:34:18.288 [CLIENT user03] State update received: 5 tickets
14:34:18.288 [CLIENT user03] Ticket 1: user01
14:34:18.288 [CLIENT user03] Ticket 2: user02
14:34:18.288 [CLIENT user03] Ticket 3: user03
14:34:18.288 [CLIENT user03] Ticket 4: user02
14:34:18.288 [CLIENT user03] Ticket 5: (unassigned)
14:34:25.976 [CLIENT user03] Received message: {"message_type":"state","tickets":[{"ticket_id":1,"assigned_to":"user01"},{"ticket_id":2,"assigned_to":"user02"},{"ticket_id":3,"assigned_to":"user03"},{"ticket_id":4,"assigned_to":"user02"},{"ticket_id":5,"assigned_to":"user01"}]}
14:34:25.977 [CLIENT user03] State update received: 5 tickets
14:34:25.977 [CLIENT user03] Ticket 1: user01
14:34:25.977 [CLIENT user03] Ticket 2: user02
14:34:25.977 [CLIENT user03] Ticket 3: user03
14:34:25.977 [CLIENT user03] Ticket 4: user02
14:34:25.977 [CLIENT user03] Ticket 5: user01
14:34:28.262 [CLIENT user03] Received message: {"message_type":"state","tickets":[{"ticket_id":1,"assigned_to":"user01"},{"ticket_id":2,"assigned_to":"user02"},{"ticket_id":3,"assigned_to":"user03"},{"ticket_id":4,"assigned_to":"user02"},{"ticket_id":5,"assigned_to":"user01"},{"ticket_id":6,"assigned_to":""}]}
14:34:28.262 [CLIENT user03] State update received: 6 tickets
14:34:28.262 [CLIENT user03] Ticket 1: user01
14:34:28.262 [CLIENT user03] Ticket 2: user02
14:34:28.262 [CLIENT user03] Ticket 3: user03
14:34:28.262 [CLIENT user03] Ticket 4: user02
14:34:28.262 [CLIENT user03] Ticket 5: user01
14:34:28.262 [CLIENT user03] Ticket 6: (unassigned)
14:34:36.134 [CLIENT user03] Received message: {"message_type":"state","tickets":[{"ticket_id":1,"assigned_to":"user01"},{"ticket_id":2,"assigned_to":"user02"},{"ticket_id":3,"assigned_to":"user03"},{"ticket_id":4,"assigned_to":"user02"},{"ticket_id":5,"assigned_to":"user01"},{"ticket_id":6,"assigned_to":"user01"}]}
14:34:36.134 [CLIENT user03] State update received: 6 tickets
14:34:36.134 [CLIENT user03] Ticket 1: user01
14:34:36.134 [CLIENT user03] Ticket 2: user02
14:34:36.134 [CLIENT user03] Ticket 3: user03
14:34:36.134 [CLIENT user03] Ticket 4: user02
14:34:36.134 [CLIENT user03] Ticket 5: user01
14:34:36.134 [CLIENT user03] Ticket 6: user01